<?xml version="1.0" encoding="UTF-8"?>
<!-- Generated by org.testng.reporters.JUnitXMLReporter -->
<testsuite ignored="8" hostname="LAPTOP-VEI73BV7" failures="0" tests="1" name="Default test" time="3.692" errors="0" timestamp="2025-09-04T14:27:29 IST">
  <testcase classname="Project.NopTest" name="comm_poll" time="2.752"/>
  <testcase classname="Project.NopTest" name="searchh" time="0.0">
    <ignored/>
  </testcase> <!-- searchh -->
  <testcase classname="Project.NopTest" name="prod_cat" time="0.0">
    <ignored/>
  </testcase> <!-- prod_cat -->
  <testcase classname="Project.NopTest" name="newsletter" time="0.0">
    <ignored/>
  </testcase> <!-- newsletter -->
  <testcase classname="Project.NopTest" name="wish" time="0.0">
    <ignored/>
  </testcase> <!-- wish -->
  <testcase classname="Project.NopTest" name="reg" time="0.0">
    <ignored/>
  </testcase> <!-- reg -->
  <testcase classname="Project.NopTest" name="login" time="0.0">
    <ignored/>
  </testcase> <!-- login -->
  <testcase classname="Project.NopTest" name="add_to_cart" time="0.0">
    <ignored/>
  </testcase> <!-- add_to_cart -->
  <testcase classname="Project.NopTest" name="rem_cart" time="0.0">
    <ignored/>
  </testcase> <!-- rem_cart -->
</testsuite> <!-- Default test -->
